2021-09-16 22:55:14,272 INFO scheduler Scheduled Job Complete: frappe.website.doctype.web_page.web_page.check_publish_status for estate.site
2021-09-16 22:59:22,028 INFO scheduler Scheduled Job Start: frappe.oauth.delete_oauth2_data for estate.site
2021-09-16 22:59:24,362 INFO scheduler Scheduled Job Complete: frappe.oauth.delete_oauth2_data for estate.site
2021-09-16 23:00:22,455 INFO scheduler Scheduled Job Start: frappe.email.doctype.newsletter.newsletter.send_scheduled_email for estate.site
2021-09-16 23:00:22,680 DEBUG scheduler Queued events for site estate.site
2021-09-16 23:00:23,893 INFO scheduler Scheduled Job Complete: frappe.email.doctype.newsletter.newsletter.send_scheduled_email for estate.site
2021-09-16 23:00:24,023 INFO scheduler Scheduled Job Start: frappe.integrations.doctype.google_calendar.google_calendar.sync for estate.site
2021-09-16 23:00:25,225 INFO scheduler Scheduled Job Complete: frappe.integrations.doctype.google_calendar.google_calendar.sync for estate.site
2021-09-16 23:00:25,358 INFO scheduler Scheduled Job Start: frappe.desk.form.document_follow.send_hourly_updates for estate.site
2021-09-16 23:00:26,086 INFO scheduler Scheduled Job Complete: frappe.desk.form.document_follow.send_hourly_updates for estate.site
2021-09-16 23:00:26,219 INFO scheduler Scheduled Job Start: frappe.deferred_insert.save_to_db for estate.site
2021-09-16 23:00:26,787 INFO scheduler Scheduled Job Complete: frappe.deferred_insert.save_to_db for estate.site
2021-09-16 23:00:26,916 INFO scheduler Scheduled Job Start: frappe.desk.page.backups.backups.delete_downloadable_backups for estate.site
2021-09-16 23:00:27,545 INFO scheduler Scheduled Job Complete: frappe.desk.page.backups.backups.delete_downloadable_backups for estate.site
2021-09-16 23:00:27,677 INFO scheduler Scheduled Job Start: frappe.utils.error.collect_error_snapshots for estate.site
2021-09-16 23:00:28,258 INFO scheduler Scheduled Job Complete: frappe.utils.error.collect_error_snapshots for estate.site
2021-09-16 23:00:28,388 INFO scheduler Scheduled Job Start: frappe.model.utils.user_settings.sync_user_settings for estate.site
2021-09-16 23:00:28,974 INFO scheduler Scheduled Job Complete: frappe.model.utils.user_settings.sync_user_settings for estate.site
2021-09-16 23:00:29,102 INFO scheduler Scheduled Job Start: frappe.model.utils.link_count.update_link_count for estate.site
2021-09-16 23:00:29,663 INFO scheduler Scheduled Job Complete: frappe.model.utils.link_count.update_link_count for estate.site
2021-09-16 23:00:29,791 INFO scheduler Scheduled Job Start: frappe.monitor.flush for estate.site
2021-09-16 23:00:30,188 INFO scheduler Scheduled Job Complete: frappe.monitor.flush for estate.site
2021-09-16 23:00:30,313 INFO scheduler Scheduled Job Start: frappe.utils.global_search.sync_global_search for estate.site
2021-09-16 23:00:30,706 INFO scheduler Scheduled Job Complete: frappe.utils.global_search.sync_global_search for estate.site
2021-09-16 23:00:30,830 INFO scheduler Scheduled Job Start: frappe.integrations.doctype.razorpay_settings.razorpay_settings.capture_payment for estate.site
2021-09-16 23:00:31,625 INFO scheduler Scheduled Job Complete: frappe.integrations.doctype.razorpay_settings.razorpay_settings.capture_payment for estate.site
2021-09-16 23:00:31,754 INFO scheduler Scheduled Job Start: frappe.email.doctype.email_account.email_account.notify_unreplied for estate.site
2021-09-16 23:00:32,508 INFO scheduler Scheduled Job Complete: frappe.email.doctype.email_account.email_account.notify_unreplied for estate.site
2021-09-16 23:00:32,667 INFO scheduler Scheduled Job Start: frappe.email.doctype.email_account.email_account.pull for estate.site
2021-09-16 23:00:33,438 INFO scheduler Scheduled Job Complete: frappe.email.doctype.email_account.email_account.pull for estate.site
2021-09-16 23:00:33,583 INFO scheduler Scheduled Job Start: frappe.email.queue.flush for estate.site
2021-09-16 23:00:34,294 INFO scheduler Scheduled Job Complete: frappe.email.queue.flush for estate.site
2021-09-16 23:00:34,450 INFO scheduler Scheduled Job Start: frappe.twofactor.delete_all_barcodes_for_users for estate.site
2021-09-16 23:00:35,147 INFO scheduler Scheduled Job Complete: frappe.twofactor.delete_all_barcodes_for_users for estate.site
2021-09-16 23:00:35,286 INFO scheduler Scheduled Job Start: frappe.website.doctype.web_page.web_page.check_publish_status for estate.site
2021-09-16 23:00:36,451 INFO scheduler Scheduled Job Complete: frappe.website.doctype.web_page.web_page.check_publish_status for estate.site
2021-09-16 23:00:36,608 INFO scheduler Scheduled Job Start: frappe.oauth.delete_oauth2_data for estate.site
2021-09-16 23:00:37,397 INFO scheduler Scheduled Job Complete: frappe.oauth.delete_oauth2_data for estate.site
2021-09-16 23:01:24,050 DEBUG scheduler Queued events for site estate.site
2021-09-16 23:02:24,770 DEBUG scheduler Queued events for site estate.site
2021-09-16 23:03:25,414 DEBUG scheduler Queued events for site estate.site
2021-09-16 23:04:26,098 DEBUG scheduler Queued events for site estate.site
2021-09-16 23:04:26,124 INFO scheduler Scheduled Job Start: frappe.monitor.flush for estate.site
2021-09-16 23:04:26,638 INFO scheduler Scheduled Job Complete: frappe.monitor.flush for estate.site
2021-09-16 23:04:26,764 INFO scheduler Scheduled Job Start: frappe.utils.global_search.sync_global_search for estate.site
2021-09-16 23:04:27,160 INFO scheduler Scheduled Job Complete: frappe.utils.global_search.sync_global_search for estate.site
2021-09-16 23:04:27,286 INFO scheduler Scheduled Job Start: frappe.integrations.doctype.razorpay_settings.razorpay_settings.capture_payment for estate.site
2021-09-16 23:04:28,040 INFO scheduler Scheduled Job Complete: frappe.integrations.doctype.razorpay_settings.razorpay_settings.capture_payment for estate.site
2021-09-16 23:04:28,165 INFO scheduler Scheduled Job Start: frappe.email.doctype.email_account.email_account.notify_unreplied for estate.site
2021-09-16 23:04:28,696 INFO scheduler Scheduled Job Complete: frappe.email.doctype.email_account.email_account.notify_unreplied for estate.site
2021-09-16 23:04:28,845 INFO scheduler Scheduled Job Start: frappe.email.doctype.email_account.email_account.pull for estate.site
2021-09-16 23:04:29,407 INFO scheduler Scheduled Job Complete: frappe.email.doctype.email_account.email_account.pull for estate.site
2021-09-16 23:04:29,530 INFO scheduler Scheduled Job Start: frappe.email.queue.flush for estate.site
2021-09-16 23:04:30,009 INFO scheduler Scheduled Job Complete: frappe.email.queue.flush for estate.site
2021-09-16 23:05:26,807 DEBUG scheduler Queued events for site estate.site
2021-09-16 23:06:27,361 DEBUG scheduler Queued events for site estate.site
2021-09-16 23:07:27,984 DEBUG scheduler Queued events for site estate.site
2021-09-16 23:08:28,636 DEBUG scheduler Queued events for site estate.site
2021-09-16 23:08:28,755 INFO scheduler Scheduled Job Start: frappe.monitor.flush for estate.site
2021-09-16 23:08:29,531 INFO scheduler Scheduled Job Complete: frappe.monitor.flush for estate.site
2021-09-16 23:08:29,642 INFO scheduler Scheduled Job Start: frappe.utils.global_search.sync_global_search for estate.site
2021-09-16 23:08:29,988 INFO scheduler Scheduled Job Complete: frappe.utils.global_search.sync_global_search for estate.site
2021-09-16 23:08:30,100 INFO scheduler Scheduled Job Start: frappe.integrations.doctype.razorpay_settings.razorpay_settings.capture_payment for estate.site
2021-09-16 23:08:30,776 INFO scheduler Scheduled Job Complete: frappe.integrations.doctype.razorpay_settings.razorpay_settings.capture_payment for estate.site
2021-09-16 23:08:30,885 INFO scheduler Scheduled Job Start: frappe.email.doctype.email_account.email_account.notify_unreplied for estate.site
2021-09-16 23:08:31,393 INFO scheduler Scheduled Job Complete: frappe.email.doctype.email_account.email_account.notify_unreplied for estate.site
2021-09-16 23:08:31,501 INFO scheduler Scheduled Job Start: frappe.email.doctype.email_account.email_account.pull for estate.site
2021-09-16 23:08:31,965 INFO scheduler Scheduled Job Complete: frappe.email.doctype.email_account.email_account.pull for estate.site
2021-09-16 23:08:32,088 INFO scheduler Scheduled Job Start: frappe.email.queue.flush for estate.site
2021-09-16 23:08:32,573 INFO scheduler Scheduled Job Complete: frappe.email.queue.flush for estate.site
2021-09-16 23:09:29,355 DEBUG scheduler Queued events for site estate.site
2021-09-16 23:10:29,914 DEBUG scheduler Queued events for site estate.site
2021-09-16 23:11:30,536 DEBUG scheduler Queued events for site estate.site
2021-09-16 23:12:31,470 DEBUG scheduler Queued events for site estate.site
2021-09-16 23:12:31,578 INFO scheduler Scheduled Job Start: frappe.monitor.flush for estate.site
2021-09-16 23:12:32,780 INFO scheduler Scheduled Job Complete: frappe.monitor.flush for estate.site
2021-09-16 23:12:32,899 INFO scheduler Scheduled Job Start: frappe.utils.global_search.sync_global_search for estate.site
2021-09-16 23:12:33,249 INFO scheduler Scheduled Job Complete: frappe.utils.global_search.sync_global_search for estate.site
2021-09-16 23:12:33,407 INFO scheduler Scheduled Job Start: frappe.integrations.doctype.razorpay_settings.razorpay_settings.capture_payment for estate.site
2021-09-16 23:12:34,505 INFO scheduler Scheduled Job Complete: frappe.integrations.doctype.razorpay_settings.razorpay_settings.capture_payment for estate.site
2021-09-16 23:12:34,616 INFO scheduler Scheduled Job Start: frappe.email.doctype.email_account.email_account.notify_unreplied for estate.site
2021-09-16 23:12:35,141 INFO scheduler Scheduled Job Complete: frappe.email.doctype.email_account.email_account.notify_unreplied for estate.site
2021-09-16 23:12:35,249 INFO scheduler Scheduled Job Start: frappe.email.doctype.email_account.email_account.pull for estate.site
2021-09-16 23:12:35,708 INFO scheduler Scheduled Job Complete: frappe.email.doctype.email_account.email_account.pull for estate.site
2021-09-16 23:12:35,817 INFO scheduler Scheduled Job Start: frappe.email.queue.flush for estate.site
2021-09-16 23:12:36,268 INFO scheduler Scheduled Job Complete: frappe.email.queue.flush for estate.site
2021-09-16 23:13:32,752 DEBUG scheduler Queued events for site estate.site
2021-09-16 23:14:33,363 DEBUG scheduler Queued events for site estate.site
2021-09-16 23:15:33,992 DEBUG scheduler Queued events for site estate.site
2021-09-16 23:15:34,159 INFO scheduler Scheduled Job Start: frappe.twofactor.delete_all_barcodes_for_users for estate.site
2021-09-16 23:15:35,420 INFO scheduler Scheduled Job Complete: frappe.twofactor.delete_all_barcodes_for_users for estate.site
2021-09-16 23:15:35,533 INFO scheduler Scheduled Job Start: frappe.website.doctype.web_page.web_page.check_publish_status for estate.site
2021-09-16 23:15:36,463 INFO scheduler Scheduled Job Complete: frappe.website.doctype.web_page.web_page.check_publish_status for estate.site
2021-09-16 23:15:36,589 INFO scheduler Scheduled Job Start: frappe.oauth.delete_oauth2_data for estate.site
2021-09-16 23:15:37,274 INFO scheduler Scheduled Job Complete: frappe.oauth.delete_oauth2_data for estate.site
2021-09-16 23:16:34,730 DEBUG scheduler Queued events for site estate.site
2021-09-16 23:16:34,753 INFO scheduler Scheduled Job Start: frappe.monitor.flush for estate.site
2021-09-16 23:16:35,267 INFO scheduler Scheduled Job Complete: frappe.monitor.flush for estate.site
2021-09-16 23:16:35,376 INFO scheduler Scheduled Job Start: frappe.utils.global_search.sync_global_search for estate.site
2021-09-16 23:16:35,814 INFO scheduler Scheduled Job Complete: frappe.utils.global_search.sync_global_search for estate.site
2021-09-16 23:16:35,928 INFO scheduler Scheduled Job Start: frappe.integrations.doctype.razorpay_settings.razorpay_settings.capture_payment for estate.site
2021-09-16 23:16:36,594 INFO scheduler Scheduled Job Complete: frappe.integrations.doctype.razorpay_settings.razorpay_settings.capture_payment for estate.site
2021-09-16 23:16:36,723 INFO scheduler Scheduled Job Start: frappe.email.doctype.email_account.email_account.notify_unreplied for estate.site
2021-09-16 23:16:37,244 INFO scheduler Scheduled Job Complete: frappe.email.doctype.email_account.email_account.notify_unreplied for estate.site
2021-09-16 23:16:37,371 INFO scheduler Scheduled Job Start: frappe.email.doctype.email_account.email_account.pull for estate.site
2021-09-16 23:16:37,926 INFO scheduler Scheduled Job Complete: frappe.email.doctype.email_account.email_account.pull for estate.site
2021-09-16 23:16:38,068 INFO scheduler Scheduled Job Start: frappe.email.queue.flush for estate.site
2021-09-16 23:16:38,527 INFO scheduler Scheduled Job Complete: frappe.email.queue.flush for estate.site
2021-09-16 23:17:35,529 DEBUG scheduler Queued events for site estate.site
2021-09-16 23:18:36,256 DEBUG scheduler Queued events for site estate.site
2021-09-16 23:19:36,818 DEBUG scheduler Queued events for site estate.site
2021-09-16 23:20:37,516 DEBUG scheduler Queued events for site estate.site
2021-09-16 23:20:37,620 INFO scheduler Scheduled Job Start: frappe.monitor.flush for estate.site
2021-09-16 23:20:38,474 INFO scheduler Scheduled Job Complete: frappe.monitor.flush for estate.site
2021-09-16 23:20:38,601 INFO scheduler Scheduled Job Start: frappe.utils.global_search.sync_global_search for estate.site
2021-09-16 23:20:38,998 INFO scheduler Scheduled Job Complete: frappe.utils.global_search.sync_global_search for estate.site
2021-09-16 23:20:39,125 INFO scheduler Scheduled Job Start: frappe.integrations.doctype.razorpay_settings.razorpay_settings.capture_payment for estate.site
2021-09-16 23:20:39,943 INFO scheduler Scheduled Job Complete: frappe.integrations.doctype.razorpay_settings.razorpay_settings.capture_payment for estate.site
2021-09-16 23:20:40,077 INFO scheduler Scheduled Job Start: frappe.email.doctype.email_account.email_account.notify_unreplied for estate.site
2021-09-16 23:20:40,662 INFO scheduler Scheduled Job Complete: frappe.email.doctype.email_account.email_account.notify_unreplied for estate.site
2021-09-16 23:20:40,801 INFO scheduler Scheduled Job Start: frappe.email.doctype.email_account.email_account.pull for estate.site
2021-09-16 23:20:41,323 INFO scheduler Scheduled Job Complete: frappe.email.doctype.email_account.email_account.pull for estate.site
2021-09-16 23:20:41,447 INFO scheduler Scheduled Job Start: frappe.email.queue.flush for estate.site
2021-09-16 23:20:42,015 INFO scheduler Scheduled Job Complete: frappe.email.queue.flush for estate.site
2021-09-16 23:21:38,277 DEBUG scheduler Queued events for site estate.site
2021-09-16 23:22:38,815 DEBUG scheduler Queued events for site estate.site
2021-09-16 23:23:39,361 DEBUG scheduler Queued events for site estate.site
2021-09-16 23:24:40,015 DEBUG scheduler Queued events for site estate.site
2021-09-16 23:24:40,046 INFO scheduler Scheduled Job Start: frappe.monitor.flush for estate.site
2021-09-16 23:24:40,525 INFO scheduler Scheduled Job Complete: frappe.monitor.flush for estate.site
2021-09-16 23:24:40,636 INFO scheduler Scheduled Job Start: frappe.utils.global_search.sync_global_search for estate.site
2021-09-16 23:24:40,991 INFO scheduler Scheduled Job Complete: frappe.utils.global_search.sync_global_search for estate.site
2021-09-16 23:24:41,100 INFO scheduler Scheduled Job Start: frappe.integrations.doctype.razorpay_settings.razorpay_settings.capture_payment for estate.site
2021-09-16 23:24:41,849 INFO scheduler Scheduled Job Complete: frappe.integrations.doctype.razorpay_settings.razorpay_settings.capture_payment for estate.site
2021-09-16 23:24:41,962 INFO scheduler Scheduled Job Start: frappe.email.doctype.email_account.email_account.notify_unreplied for estate.site
2021-09-16 23:24:42,479 INFO scheduler Scheduled Job Complete: frappe.email.doctype.email_account.email_account.notify_unreplied for estate.site
2021-09-16 23:24:42,594 INFO scheduler Scheduled Job Start: frappe.email.doctype.email_account.email_account.pull for estate.site
2021-09-16 23:24:43,064 INFO scheduler Scheduled Job Complete: frappe.email.doctype.email_account.email_account.pull for estate.site
2021-09-16 23:24:43,175 INFO scheduler Scheduled Job Start: frappe.email.queue.flush for estate.site
2021-09-16 23:24:43,573 INFO scheduler Scheduled Job Complete: frappe.email.queue.flush for estate.site
2021-09-16 23:25:40,928 DEBUG scheduler Queued events for site estate.site
2021-09-16 23:26:41,682 DEBUG scheduler Queued events for site estate.site
2021-09-16 23:27:42,255 DEBUG scheduler Queued events for site estate.site
2021-09-16 23:28:43,025 DEBUG scheduler Queued events for site estate.site
2021-09-16 23:28:43,144 INFO scheduler Scheduled Job Start: frappe.monitor.flush for estate.site
2021-09-16 23:28:44,066 INFO scheduler Scheduled Job Complete: frappe.monitor.flush for estate.site
2021-09-16 23:28:44,207 INFO scheduler Scheduled Job Start: frappe.utils.global_search.sync_global_search for estate.site
2021-09-16 23:28:44,746 INFO scheduler Scheduled Job Complete: frappe.utils.global_search.sync_global_search for estate.site
2021-09-16 23:28:44,880 INFO scheduler Scheduled Job Start: frappe.integrations.doctype.razorpay_settings.razorpay_settings.capture_payment for estate.site
2021-09-16 23:28:45,921 INFO scheduler Scheduled Job Complete: frappe.integrations.doctype.razorpay_settings.razorpay_settings.capture_payment for estate.site
2021-09-16 23:28:46,130 INFO scheduler Scheduled Job Start: frappe.email.doctype.email_account.email_account.notify_unreplied for estate.site
2021-09-16 23:28:46,850 INFO scheduler Scheduled Job Complete: frappe.email.doctype.email_account.email_account.notify_unreplied for estate.site
2021-09-16 23:28:46,998 INFO scheduler Scheduled Job Start: frappe.email.doctype.email_account.email_account.pull for estate.site
2021-09-16 23:28:47,728 INFO scheduler Scheduled Job Complete: frappe.email.doctype.email_account.email_account.pull for estate.site
2021-09-16 23:28:47,876 INFO scheduler Scheduled Job Start: frappe.email.queue.flush for estate.site
2021-09-16 23:28:48,833 INFO scheduler Scheduled Job Complete: frappe.email.queue.flush for estate.site
2021-09-16 23:29:43,863 DEBUG scheduler Queued events for site estate.site
2021-09-16 23:30:44,957 DEBUG scheduler Queued events for site estate.site
2021-09-16 23:30:45,093 INFO scheduler Scheduled Job Start: frappe.twofactor.delete_all_barcodes_for_users for estate.site
2021-09-16 23:30:47,211 INFO scheduler Scheduled Job Complete: frappe.twofactor.delete_all_barcodes_for_users for estate.site
2021-09-16 23:30:47,453 INFO scheduler Scheduled Job Start: frappe.website.doctype.web_page.web_page.check_publish_status for estate.site
2021-09-16 23:30:48,798 INFO scheduler Scheduled Job Complete: frappe.website.doctype.web_page.web_page.check_publish_status for estate.site
2021-09-16 23:30:48,986 INFO scheduler Scheduled Job Start: frappe.oauth.delete_oauth2_data for estate.site
2021-09-16 23:30:49,996 INFO scheduler Scheduled Job Complete: frappe.oauth.delete_oauth2_data for estate.site
2021-09-16 23:31:46,287 DEBUG scheduler Queued events for site estate.site
2021-09-16 23:32:47,212 DEBUG scheduler Queued events for site estate.site
2021-09-16 23:32:47,270 INFO scheduler Scheduled Job Start: frappe.monitor.flush for estate.site
2021-09-16 23:32:48,132 INFO scheduler Scheduled Job Complete: frappe.monitor.flush for estate.site
2021-09-16 23:32:48,274 INFO scheduler Scheduled Job Start: frappe.utils.global_search.sync_global_search for estate.site
2021-09-16 23:32:48,671 INFO scheduler Scheduled Job Complete: frappe.utils.global_search.sync_global_search for estate.site
2021-09-16 23:32:48,852 INFO scheduler Scheduled Job Start: frappe.integrations.doctype.razorpay_settings.razorpay_settings.capture_payment for estate.site
2021-09-16 23:32:49,770 INFO scheduler Scheduled Job Complete: frappe.integrations.doctype.razorpay_settings.razorpay_settings.capture_payment for estate.site
2021-09-16 23:32:49,931 INFO scheduler Scheduled Job Start: frappe.email.doctype.email_account.email_account.notify_unreplied for estate.site
2021-09-16 23:32:50,605 INFO scheduler Scheduled Job Complete: frappe.email.doctype.email_account.email_account.notify_unreplied for estate.site
2021-09-16 23:32:50,788 INFO scheduler Scheduled Job Start: frappe.email.doctype.email_account.email_account.pull for estate.site
2021-09-16 23:32:51,325 INFO scheduler Scheduled Job Complete: frappe.email.doctype.email_account.email_account.pull for estate.site
2021-09-16 23:32:51,454 INFO scheduler Scheduled Job Start: frappe.email.queue.flush for estate.site
2021-09-16 23:32:51,951 INFO scheduler Scheduled Job Complete: frappe.email.queue.flush for estate.site
2021-09-16 23:33:47,974 DEBUG scheduler Queued events for site estate.site
2021-09-16 23:34:48,713 DEBUG scheduler Queued events for site estate.site
2021-09-16 23:35:49,428 DEBUG scheduler Queued events for site estate.site
2021-09-16 23:36:50,165 DEBUG scheduler Queued events for site estate.site
2021-09-16 23:36:50,293 INFO scheduler Scheduled Job Start: frappe.monitor.flush for estate.site
2021-09-16 23:36:51,212 INFO scheduler Scheduled Job Complete: frappe.monitor.flush for estate.site
2021-09-16 23:36:51,339 INFO scheduler Scheduled Job Start: frappe.utils.global_search.sync_global_search for estate.site
2021-09-16 23:36:51,722 INFO scheduler Scheduled Job Complete: frappe.utils.global_search.sync_global_search for estate.site
2021-09-16 23:36:51,847 INFO scheduler Scheduled Job Start: frappe.integrations.doctype.razorpay_settings.razorpay_settings.capture_payment for estate.site
2021-09-16 23:36:52,660 INFO scheduler Scheduled Job Complete: frappe.integrations.doctype.razorpay_settings.razorpay_settings.capture_payment for estate.site
2021-09-16 23:36:52,785 INFO scheduler Scheduled Job Start: frappe.email.doctype.email_account.email_account.notify_unreplied for estate.site
2021-09-16 23:36:53,385 INFO scheduler Scheduled Job Complete: frappe.email.doctype.email_account.email_account.notify_unreplied for estate.site
2021-09-16 23:36:53,508 INFO scheduler Scheduled Job Start: frappe.email.doctype.email_account.email_account.pull for estate.site
2021-09-16 23:36:54,023 INFO scheduler Scheduled Job Complete: frappe.email.doctype.email_account.email_account.pull for estate.site
2021-09-16 23:36:54,144 INFO scheduler Scheduled Job Start: frappe.email.queue.flush for estate.site
2021-09-16 23:36:54,622 INFO scheduler Scheduled Job Complete: frappe.email.queue.flush for estate.site
2021-09-16 23:37:50,931 DEBUG scheduler Queued events for site estate.site
2021-09-16 23:38:51,933 DEBUG scheduler Queued events for site estate.site
2021-09-16 23:39:52,924 DEBUG scheduler Queued events for site estate.site
2021-09-16 23:40:54,534 DEBUG scheduler Queued events for site estate.site
2021-09-16 23:40:54,536 INFO scheduler Scheduled Job Start: frappe.monitor.flush for estate.site
2021-09-16 23:40:56,031 INFO scheduler Scheduled Job Complete: frappe.monitor.flush for estate.site
2021-09-16 23:40:56,227 INFO scheduler Scheduled Job Start: frappe.utils.global_search.sync_global_search for estate.site
2021-09-16 23:40:56,756 INFO scheduler Scheduled Job Complete: frappe.utils.global_search.sync_global_search for estate.site
2021-09-16 23:40:56,914 INFO scheduler Scheduled Job Start: frappe.integrations.doctype.razorpay_settings.razorpay_settings.capture_payment for estate.site
2021-09-16 23:40:57,682 INFO scheduler Scheduled Job Complete: frappe.integrations.doctype.razorpay_settings.razorpay_settings.capture_payment for estate.site
2021-09-16 23:40:57,804 INFO scheduler Scheduled Job Start: frappe.email.doctype.email_account.email_account.notify_unreplied for estate.site
2021-09-16 23:40:58,505 INFO scheduler Scheduled Job Complete: frappe.email.doctype.email_account.email_account.notify_unreplied for estate.site
2021-09-16 23:40:58,628 INFO scheduler Scheduled Job Start: frappe.email.doctype.email_account.email_account.pull for estate.site
2021-09-16 23:40:59,172 INFO scheduler Scheduled Job Complete: frappe.email.doctype.email_account.email_account.pull for estate.site
2021-09-16 23:40:59,294 INFO scheduler Scheduled Job Start: frappe.email.queue.flush for estate.site
2021-09-16 23:40:59,763 INFO scheduler Scheduled Job Complete: frappe.email.queue.flush for estate.site
2021-09-16 23:41:55,875 DEBUG scheduler Queued events for site estate.site
