2021-09-16 23:01:24,423 DEBUG scheduler Queued events for site library.test
2021-09-16 23:02:24,978 DEBUG scheduler Queued events for site library.test
2021-09-16 23:03:25,621 DEBUG scheduler Queued events for site library.test
2021-09-16 23:04:26,124 INFO scheduler Scheduled Job Start: frappe.monitor.flush for estate.site
2021-09-16 23:04:26,466 DEBUG scheduler Queued events for site library.test
2021-09-16 23:04:26,638 INFO scheduler Scheduled Job Complete: frappe.monitor.flush for estate.site
2021-09-16 23:04:26,764 INFO scheduler Scheduled Job Start: frappe.utils.global_search.sync_global_search for estate.site
2021-09-16 23:04:27,160 INFO scheduler Scheduled Job Complete: frappe.utils.global_search.sync_global_search for estate.site
2021-09-16 23:04:27,286 INFO scheduler Scheduled Job Start: frappe.integrations.doctype.razorpay_settings.razorpay_settings.capture_payment for estate.site
2021-09-16 23:04:28,040 INFO scheduler Scheduled Job Complete: frappe.integrations.doctype.razorpay_settings.razorpay_settings.capture_payment for estate.site
2021-09-16 23:04:28,165 INFO scheduler Scheduled Job Start: frappe.email.doctype.email_account.email_account.notify_unreplied for estate.site
2021-09-16 23:04:28,696 INFO scheduler Scheduled Job Complete: frappe.email.doctype.email_account.email_account.notify_unreplied for estate.site
2021-09-16 23:04:28,845 INFO scheduler Scheduled Job Start: frappe.email.doctype.email_account.email_account.pull for estate.site
2021-09-16 23:04:29,407 INFO scheduler Scheduled Job Complete: frappe.email.doctype.email_account.email_account.pull for estate.site
2021-09-16 23:04:29,530 INFO scheduler Scheduled Job Start: frappe.email.queue.flush for estate.site
2021-09-16 23:04:30,009 INFO scheduler Scheduled Job Complete: frappe.email.queue.flush for estate.site
2021-09-16 23:04:30,133 INFO scheduler Scheduled Job Start: frappe.monitor.flush for library.test
2021-09-16 23:04:30,523 INFO scheduler Scheduled Job Complete: frappe.monitor.flush for library.test
2021-09-16 23:04:30,650 INFO scheduler Scheduled Job Start: frappe.utils.global_search.sync_global_search for library.test
2021-09-16 23:04:31,043 INFO scheduler Scheduled Job Complete: frappe.utils.global_search.sync_global_search for library.test
2021-09-16 23:04:31,167 INFO scheduler Scheduled Job Start: frappe.integrations.doctype.razorpay_settings.razorpay_settings.capture_payment for library.test
2021-09-16 23:04:31,798 INFO scheduler Scheduled Job Complete: frappe.integrations.doctype.razorpay_settings.razorpay_settings.capture_payment for library.test
2021-09-16 23:04:31,954 INFO scheduler Scheduled Job Start: frappe.email.doctype.email_account.email_account.notify_unreplied for library.test
2021-09-16 23:04:32,709 INFO scheduler Scheduled Job Complete: frappe.email.doctype.email_account.email_account.notify_unreplied for library.test
2021-09-16 23:04:32,882 INFO scheduler Scheduled Job Start: frappe.email.doctype.email_account.email_account.pull for library.test
2021-09-16 23:04:33,547 INFO scheduler Scheduled Job Complete: frappe.email.doctype.email_account.email_account.pull for library.test
2021-09-16 23:04:33,714 INFO scheduler Scheduled Job Start: frappe.email.queue.flush for library.test
2021-09-16 23:04:34,215 INFO scheduler Scheduled Job Complete: frappe.email.queue.flush for library.test
2021-09-16 23:05:27,012 DEBUG scheduler Queued events for site library.test
2021-09-16 23:06:27,567 DEBUG scheduler Queued events for site library.test
2021-09-16 23:07:28,167 DEBUG scheduler Queued events for site library.test
2021-09-16 23:08:28,755 INFO scheduler Scheduled Job Start: frappe.monitor.flush for estate.site
2021-09-16 23:08:28,974 DEBUG scheduler Queued events for site library.test
2021-09-16 23:08:29,531 INFO scheduler Scheduled Job Complete: frappe.monitor.flush for estate.site
2021-09-16 23:08:29,642 INFO scheduler Scheduled Job Start: frappe.utils.global_search.sync_global_search for estate.site
2021-09-16 23:08:29,988 INFO scheduler Scheduled Job Complete: frappe.utils.global_search.sync_global_search for estate.site
2021-09-16 23:08:30,100 INFO scheduler Scheduled Job Start: frappe.integrations.doctype.razorpay_settings.razorpay_settings.capture_payment for estate.site
2021-09-16 23:08:30,776 INFO scheduler Scheduled Job Complete: frappe.integrations.doctype.razorpay_settings.razorpay_settings.capture_payment for estate.site
2021-09-16 23:08:30,885 INFO scheduler Scheduled Job Start: frappe.email.doctype.email_account.email_account.notify_unreplied for estate.site
2021-09-16 23:08:31,393 INFO scheduler Scheduled Job Complete: frappe.email.doctype.email_account.email_account.notify_unreplied for estate.site
2021-09-16 23:08:31,501 INFO scheduler Scheduled Job Start: frappe.email.doctype.email_account.email_account.pull for estate.site
2021-09-16 23:08:31,965 INFO scheduler Scheduled Job Complete: frappe.email.doctype.email_account.email_account.pull for estate.site
2021-09-16 23:08:32,088 INFO scheduler Scheduled Job Start: frappe.email.queue.flush for estate.site
2021-09-16 23:08:32,573 INFO scheduler Scheduled Job Complete: frappe.email.queue.flush for estate.site
2021-09-16 23:08:32,686 INFO scheduler Scheduled Job Start: frappe.monitor.flush for library.test
2021-09-16 23:08:33,032 INFO scheduler Scheduled Job Complete: frappe.monitor.flush for library.test
2021-09-16 23:08:33,203 INFO scheduler Scheduled Job Start: frappe.utils.global_search.sync_global_search for library.test
2021-09-16 23:08:33,549 INFO scheduler Scheduled Job Complete: frappe.utils.global_search.sync_global_search for library.test
2021-09-16 23:08:33,664 INFO scheduler Scheduled Job Start: frappe.integrations.doctype.razorpay_settings.razorpay_settings.capture_payment for library.test
2021-09-16 23:08:34,204 INFO scheduler Scheduled Job Complete: frappe.integrations.doctype.razorpay_settings.razorpay_settings.capture_payment for library.test
2021-09-16 23:08:34,312 INFO scheduler Scheduled Job Start: frappe.email.doctype.email_account.email_account.notify_unreplied for library.test
2021-09-16 23:08:34,743 INFO scheduler Scheduled Job Complete: frappe.email.doctype.email_account.email_account.notify_unreplied for library.test
2021-09-16 23:08:34,854 INFO scheduler Scheduled Job Start: frappe.email.doctype.email_account.email_account.pull for library.test
2021-09-16 23:08:35,310 INFO scheduler Scheduled Job Complete: frappe.email.doctype.email_account.email_account.pull for library.test
2021-09-16 23:08:35,421 INFO scheduler Scheduled Job Start: frappe.email.queue.flush for library.test
2021-09-16 23:08:35,818 INFO scheduler Scheduled Job Complete: frappe.email.queue.flush for library.test
2021-09-16 23:09:29,536 DEBUG scheduler Queued events for site library.test
2021-09-16 23:10:30,150 DEBUG scheduler Queued events for site library.test
2021-09-16 23:11:30,715 DEBUG scheduler Queued events for site library.test
2021-09-16 23:12:31,578 INFO scheduler Scheduled Job Start: frappe.monitor.flush for estate.site
2021-09-16 23:12:32,363 DEBUG scheduler Queued events for site library.test
2021-09-16 23:12:32,780 INFO scheduler Scheduled Job Complete: frappe.monitor.flush for estate.site
2021-09-16 23:12:32,899 INFO scheduler Scheduled Job Start: frappe.utils.global_search.sync_global_search for estate.site
2021-09-16 23:12:33,249 INFO scheduler Scheduled Job Complete: frappe.utils.global_search.sync_global_search for estate.site
2021-09-16 23:12:33,407 INFO scheduler Scheduled Job Start: frappe.integrations.doctype.razorpay_settings.razorpay_settings.capture_payment for estate.site
2021-09-16 23:12:34,505 INFO scheduler Scheduled Job Complete: frappe.integrations.doctype.razorpay_settings.razorpay_settings.capture_payment for estate.site
2021-09-16 23:12:34,616 INFO scheduler Scheduled Job Start: frappe.email.doctype.email_account.email_account.notify_unreplied for estate.site
2021-09-16 23:12:35,141 INFO scheduler Scheduled Job Complete: frappe.email.doctype.email_account.email_account.notify_unreplied for estate.site
2021-09-16 23:12:35,249 INFO scheduler Scheduled Job Start: frappe.email.doctype.email_account.email_account.pull for estate.site
2021-09-16 23:12:35,708 INFO scheduler Scheduled Job Complete: frappe.email.doctype.email_account.email_account.pull for estate.site
2021-09-16 23:12:35,817 INFO scheduler Scheduled Job Start: frappe.email.queue.flush for estate.site
2021-09-16 23:12:36,268 INFO scheduler Scheduled Job Complete: frappe.email.queue.flush for estate.site
2021-09-16 23:12:36,385 INFO scheduler Scheduled Job Start: frappe.monitor.flush for library.test
2021-09-16 23:12:36,731 INFO scheduler Scheduled Job Complete: frappe.monitor.flush for library.test
2021-09-16 23:12:36,844 INFO scheduler Scheduled Job Start: frappe.utils.global_search.sync_global_search for library.test
2021-09-16 23:12:37,201 INFO scheduler Scheduled Job Complete: frappe.utils.global_search.sync_global_search for library.test
2021-09-16 23:12:37,312 INFO scheduler Scheduled Job Start: frappe.integrations.doctype.razorpay_settings.razorpay_settings.capture_payment for library.test
2021-09-16 23:12:37,857 INFO scheduler Scheduled Job Complete: frappe.integrations.doctype.razorpay_settings.razorpay_settings.capture_payment for library.test
2021-09-16 23:12:37,973 INFO scheduler Scheduled Job Start: frappe.email.doctype.email_account.email_account.notify_unreplied for library.test
2021-09-16 23:12:38,402 INFO scheduler Scheduled Job Complete: frappe.email.doctype.email_account.email_account.notify_unreplied for library.test
2021-09-16 23:12:38,511 INFO scheduler Scheduled Job Start: frappe.email.doctype.email_account.email_account.pull for library.test
2021-09-16 23:12:38,968 INFO scheduler Scheduled Job Complete: frappe.email.doctype.email_account.email_account.pull for library.test
2021-09-16 23:12:39,089 INFO scheduler Scheduled Job Start: frappe.email.queue.flush for library.test
2021-09-16 23:12:39,544 INFO scheduler Scheduled Job Complete: frappe.email.queue.flush for library.test
2021-09-16 23:13:32,998 DEBUG scheduler Queued events for site library.test
2021-09-16 23:14:33,575 DEBUG scheduler Queued events for site library.test
2021-09-16 23:15:34,159 INFO scheduler Scheduled Job Start: frappe.twofactor.delete_all_barcodes_for_users for estate.site
2021-09-16 23:15:34,253 DEBUG scheduler Queued events for site library.test
2021-09-16 23:15:35,420 INFO scheduler Scheduled Job Complete: frappe.twofactor.delete_all_barcodes_for_users for estate.site
2021-09-16 23:15:35,533 INFO scheduler Scheduled Job Start: frappe.website.doctype.web_page.web_page.check_publish_status for estate.site
2021-09-16 23:15:36,463 INFO scheduler Scheduled Job Complete: frappe.website.doctype.web_page.web_page.check_publish_status for estate.site
2021-09-16 23:15:36,589 INFO scheduler Scheduled Job Start: frappe.oauth.delete_oauth2_data for estate.site
2021-09-16 23:15:37,274 INFO scheduler Scheduled Job Complete: frappe.oauth.delete_oauth2_data for estate.site
2021-09-16 23:15:37,409 INFO scheduler Scheduled Job Start: frappe.twofactor.delete_all_barcodes_for_users for library.test
2021-09-16 23:15:37,972 INFO scheduler Scheduled Job Complete: frappe.twofactor.delete_all_barcodes_for_users for library.test
2021-09-16 23:15:38,169 INFO scheduler Scheduled Job Start: frappe.website.doctype.web_page.web_page.check_publish_status for library.test
2021-09-16 23:15:38,877 INFO scheduler Scheduled Job Complete: frappe.website.doctype.web_page.web_page.check_publish_status for library.test
2021-09-16 23:15:39,067 INFO scheduler Scheduled Job Start: frappe.oauth.delete_oauth2_data for library.test
2021-09-16 23:15:39,793 INFO scheduler Scheduled Job Complete: frappe.oauth.delete_oauth2_data for library.test
2021-09-16 23:16:34,753 INFO scheduler Scheduled Job Start: frappe.monitor.flush for estate.site
2021-09-16 23:16:35,123 DEBUG scheduler Queued events for site library.test
2021-09-16 23:16:35,267 INFO scheduler Scheduled Job Complete: frappe.monitor.flush for estate.site
2021-09-16 23:16:35,376 INFO scheduler Scheduled Job Start: frappe.utils.global_search.sync_global_search for estate.site
2021-09-16 23:16:35,814 INFO scheduler Scheduled Job Complete: frappe.utils.global_search.sync_global_search for estate.site
2021-09-16 23:16:35,928 INFO scheduler Scheduled Job Start: frappe.integrations.doctype.razorpay_settings.razorpay_settings.capture_payment for estate.site
2021-09-16 23:16:36,594 INFO scheduler Scheduled Job Complete: frappe.integrations.doctype.razorpay_settings.razorpay_settings.capture_payment for estate.site
2021-09-16 23:16:36,723 INFO scheduler Scheduled Job Start: frappe.email.doctype.email_account.email_account.notify_unreplied for estate.site
2021-09-16 23:16:37,244 INFO scheduler Scheduled Job Complete: frappe.email.doctype.email_account.email_account.notify_unreplied for estate.site
2021-09-16 23:16:37,371 INFO scheduler Scheduled Job Start: frappe.email.doctype.email_account.email_account.pull for estate.site
2021-09-16 23:16:37,926 INFO scheduler Scheduled Job Complete: frappe.email.doctype.email_account.email_account.pull for estate.site
2021-09-16 23:16:38,068 INFO scheduler Scheduled Job Start: frappe.email.queue.flush for estate.site
2021-09-16 23:16:38,527 INFO scheduler Scheduled Job Complete: frappe.email.queue.flush for estate.site
2021-09-16 23:16:38,639 INFO scheduler Scheduled Job Start: frappe.monitor.flush for library.test
2021-09-16 23:16:39,007 INFO scheduler Scheduled Job Complete: frappe.monitor.flush for library.test
2021-09-16 23:16:39,119 INFO scheduler Scheduled Job Start: frappe.utils.global_search.sync_global_search for library.test
2021-09-16 23:16:39,491 INFO scheduler Scheduled Job Complete: frappe.utils.global_search.sync_global_search for library.test
2021-09-16 23:16:39,609 INFO scheduler Scheduled Job Start: frappe.integrations.doctype.razorpay_settings.razorpay_settings.capture_payment for library.test
2021-09-16 23:16:40,361 INFO scheduler Scheduled Job Complete: frappe.integrations.doctype.razorpay_settings.razorpay_settings.capture_payment for library.test
2021-09-16 23:16:40,481 INFO scheduler Scheduled Job Start: frappe.email.doctype.email_account.email_account.notify_unreplied for library.test
2021-09-16 23:16:40,954 INFO scheduler Scheduled Job Complete: frappe.email.doctype.email_account.email_account.notify_unreplied for library.test
2021-09-16 23:16:41,067 INFO scheduler Scheduled Job Start: frappe.email.doctype.email_account.email_account.pull for library.test
2021-09-16 23:16:41,532 INFO scheduler Scheduled Job Complete: frappe.email.doctype.email_account.email_account.pull for library.test
2021-09-16 23:16:41,642 INFO scheduler Scheduled Job Start: frappe.email.queue.flush for library.test
2021-09-16 23:16:42,090 INFO scheduler Scheduled Job Complete: frappe.email.queue.flush for library.test
2021-09-16 23:17:35,808 DEBUG scheduler Queued events for site library.test
2021-09-16 23:18:36,433 DEBUG scheduler Queued events for site library.test
2021-09-16 23:19:37,021 DEBUG scheduler Queued events for site library.test
2021-09-16 23:20:37,620 INFO scheduler Scheduled Job Start: frappe.monitor.flush for estate.site
2021-09-16 23:20:37,872 DEBUG scheduler Queued events for site library.test
2021-09-16 23:20:38,474 INFO scheduler Scheduled Job Complete: frappe.monitor.flush for estate.site
2021-09-16 23:20:38,601 INFO scheduler Scheduled Job Start: frappe.utils.global_search.sync_global_search for estate.site
2021-09-16 23:20:38,998 INFO scheduler Scheduled Job Complete: frappe.utils.global_search.sync_global_search for estate.site
2021-09-16 23:20:39,125 INFO scheduler Scheduled Job Start: frappe.integrations.doctype.razorpay_settings.razorpay_settings.capture_payment for estate.site
2021-09-16 23:20:39,943 INFO scheduler Scheduled Job Complete: frappe.integrations.doctype.razorpay_settings.razorpay_settings.capture_payment for estate.site
2021-09-16 23:20:40,077 INFO scheduler Scheduled Job Start: frappe.email.doctype.email_account.email_account.notify_unreplied for estate.site
2021-09-16 23:20:40,662 INFO scheduler Scheduled Job Complete: frappe.email.doctype.email_account.email_account.notify_unreplied for estate.site
2021-09-16 23:20:40,801 INFO scheduler Scheduled Job Start: frappe.email.doctype.email_account.email_account.pull for estate.site
2021-09-16 23:20:41,323 INFO scheduler Scheduled Job Complete: frappe.email.doctype.email_account.email_account.pull for estate.site
2021-09-16 23:20:41,447 INFO scheduler Scheduled Job Start: frappe.email.queue.flush for estate.site
2021-09-16 23:20:42,015 INFO scheduler Scheduled Job Complete: frappe.email.queue.flush for estate.site
2021-09-16 23:20:42,140 INFO scheduler Scheduled Job Start: frappe.monitor.flush for library.test
2021-09-16 23:20:42,527 INFO scheduler Scheduled Job Complete: frappe.monitor.flush for library.test
2021-09-16 23:20:42,645 INFO scheduler Scheduled Job Start: frappe.utils.global_search.sync_global_search for library.test
2021-09-16 23:20:42,986 INFO scheduler Scheduled Job Complete: frappe.utils.global_search.sync_global_search for library.test
2021-09-16 23:20:43,096 INFO scheduler Scheduled Job Start: frappe.integrations.doctype.razorpay_settings.razorpay_settings.capture_payment for library.test
2021-09-16 23:20:43,636 INFO scheduler Scheduled Job Complete: frappe.integrations.doctype.razorpay_settings.razorpay_settings.capture_payment for library.test
2021-09-16 23:20:43,778 INFO scheduler Scheduled Job Start: frappe.email.doctype.email_account.email_account.notify_unreplied for library.test
2021-09-16 23:20:44,249 INFO scheduler Scheduled Job Complete: frappe.email.doctype.email_account.email_account.notify_unreplied for library.test
2021-09-16 23:20:44,361 INFO scheduler Scheduled Job Start: frappe.email.doctype.email_account.email_account.pull for library.test
2021-09-16 23:20:44,807 INFO scheduler Scheduled Job Complete: frappe.email.doctype.email_account.email_account.pull for library.test
2021-09-16 23:20:44,915 INFO scheduler Scheduled Job Start: frappe.email.queue.flush for library.test
2021-09-16 23:20:45,308 INFO scheduler Scheduled Job Complete: frappe.email.queue.flush for library.test
2021-09-16 23:21:38,455 DEBUG scheduler Queued events for site library.test
2021-09-16 23:22:38,999 DEBUG scheduler Queued events for site library.test
2021-09-16 23:23:39,543 DEBUG scheduler Queued events for site library.test
2021-09-16 23:24:40,046 INFO scheduler Scheduled Job Start: frappe.monitor.flush for estate.site
2021-09-16 23:24:40,331 DEBUG scheduler Queued events for site library.test
2021-09-16 23:24:40,525 INFO scheduler Scheduled Job Complete: frappe.monitor.flush for estate.site
2021-09-16 23:24:40,636 INFO scheduler Scheduled Job Start: frappe.utils.global_search.sync_global_search for estate.site
2021-09-16 23:24:40,991 INFO scheduler Scheduled Job Complete: frappe.utils.global_search.sync_global_search for estate.site
2021-09-16 23:24:41,100 INFO scheduler Scheduled Job Start: frappe.integrations.doctype.razorpay_settings.razorpay_settings.capture_payment for estate.site
2021-09-16 23:24:41,849 INFO scheduler Scheduled Job Complete: frappe.integrations.doctype.razorpay_settings.razorpay_settings.capture_payment for estate.site
2021-09-16 23:24:41,962 INFO scheduler Scheduled Job Start: frappe.email.doctype.email_account.email_account.notify_unreplied for estate.site
2021-09-16 23:24:42,479 INFO scheduler Scheduled Job Complete: frappe.email.doctype.email_account.email_account.notify_unreplied for estate.site
2021-09-16 23:24:42,594 INFO scheduler Scheduled Job Start: frappe.email.doctype.email_account.email_account.pull for estate.site
2021-09-16 23:24:43,064 INFO scheduler Scheduled Job Complete: frappe.email.doctype.email_account.email_account.pull for estate.site
2021-09-16 23:24:43,175 INFO scheduler Scheduled Job Start: frappe.email.queue.flush for estate.site
2021-09-16 23:24:43,573 INFO scheduler Scheduled Job Complete: frappe.email.queue.flush for estate.site
2021-09-16 23:24:43,686 INFO scheduler Scheduled Job Start: frappe.monitor.flush for library.test
2021-09-16 23:24:44,031 INFO scheduler Scheduled Job Complete: frappe.monitor.flush for library.test
2021-09-16 23:24:44,169 INFO scheduler Scheduled Job Start: frappe.utils.global_search.sync_global_search for library.test
2021-09-16 23:24:44,515 INFO scheduler Scheduled Job Complete: frappe.utils.global_search.sync_global_search for library.test
2021-09-16 23:24:44,736 INFO scheduler Scheduled Job Start: frappe.integrations.doctype.razorpay_settings.razorpay_settings.capture_payment for library.test
2021-09-16 23:24:45,328 INFO scheduler Scheduled Job Complete: frappe.integrations.doctype.razorpay_settings.razorpay_settings.capture_payment for library.test
2021-09-16 23:24:45,464 INFO scheduler Scheduled Job Start: frappe.email.doctype.email_account.email_account.notify_unreplied for library.test
2021-09-16 23:24:45,941 INFO scheduler Scheduled Job Complete: frappe.email.doctype.email_account.email_account.notify_unreplied for library.test
2021-09-16 23:24:46,052 INFO scheduler Scheduled Job Start: frappe.email.doctype.email_account.email_account.pull for library.test
2021-09-16 23:24:46,516 INFO scheduler Scheduled Job Complete: frappe.email.doctype.email_account.email_account.pull for library.test
2021-09-16 23:24:46,626 INFO scheduler Scheduled Job Start: frappe.email.queue.flush for library.test
2021-09-16 23:24:47,013 INFO scheduler Scheduled Job Complete: frappe.email.queue.flush for library.test
2021-09-16 23:25:41,330 DEBUG scheduler Queued events for site library.test
2021-09-16 23:26:41,900 DEBUG scheduler Queued events for site library.test
2021-09-16 23:27:42,475 DEBUG scheduler Queued events for site library.test
2021-09-16 23:28:43,144 INFO scheduler Scheduled Job Start: frappe.monitor.flush for estate.site
2021-09-16 23:28:43,417 DEBUG scheduler Queued events for site library.test
2021-09-16 23:28:44,066 INFO scheduler Scheduled Job Complete: frappe.monitor.flush for estate.site
2021-09-16 23:28:44,207 INFO scheduler Scheduled Job Start: frappe.utils.global_search.sync_global_search for estate.site
2021-09-16 23:28:44,746 INFO scheduler Scheduled Job Complete: frappe.utils.global_search.sync_global_search for estate.site
2021-09-16 23:28:44,880 INFO scheduler Scheduled Job Start: frappe.integrations.doctype.razorpay_settings.razorpay_settings.capture_payment for estate.site
2021-09-16 23:28:45,921 INFO scheduler Scheduled Job Complete: frappe.integrations.doctype.razorpay_settings.razorpay_settings.capture_payment for estate.site
2021-09-16 23:28:46,130 INFO scheduler Scheduled Job Start: frappe.email.doctype.email_account.email_account.notify_unreplied for estate.site
2021-09-16 23:28:46,850 INFO scheduler Scheduled Job Complete: frappe.email.doctype.email_account.email_account.notify_unreplied for estate.site
2021-09-16 23:28:46,998 INFO scheduler Scheduled Job Start: frappe.email.doctype.email_account.email_account.pull for estate.site
2021-09-16 23:28:47,728 INFO scheduler Scheduled Job Complete: frappe.email.doctype.email_account.email_account.pull for estate.site
2021-09-16 23:28:47,876 INFO scheduler Scheduled Job Start: frappe.email.queue.flush for estate.site
2021-09-16 23:28:48,833 INFO scheduler Scheduled Job Complete: frappe.email.queue.flush for estate.site
2021-09-16 23:28:49,028 INFO scheduler Scheduled Job Start: frappe.monitor.flush for library.test
2021-09-16 23:28:49,523 INFO scheduler Scheduled Job Complete: frappe.monitor.flush for library.test
2021-09-16 23:28:49,692 INFO scheduler Scheduled Job Start: frappe.utils.global_search.sync_global_search for library.test
2021-09-16 23:28:50,181 INFO scheduler Scheduled Job Complete: frappe.utils.global_search.sync_global_search for library.test
2021-09-16 23:28:50,351 INFO scheduler Scheduled Job Start: frappe.integrations.doctype.razorpay_settings.razorpay_settings.capture_payment for library.test
2021-09-16 23:28:51,141 INFO scheduler Scheduled Job Complete: frappe.integrations.doctype.razorpay_settings.razorpay_settings.capture_payment for library.test
2021-09-16 23:28:51,267 INFO scheduler Scheduled Job Start: frappe.email.doctype.email_account.email_account.notify_unreplied for library.test
2021-09-16 23:28:51,784 INFO scheduler Scheduled Job Complete: frappe.email.doctype.email_account.email_account.notify_unreplied for library.test
2021-09-16 23:28:51,930 INFO scheduler Scheduled Job Start: frappe.email.doctype.email_account.email_account.pull for library.test
2021-09-16 23:28:52,589 INFO scheduler Scheduled Job Complete: frappe.email.doctype.email_account.email_account.pull for library.test
2021-09-16 23:28:52,730 INFO scheduler Scheduled Job Start: frappe.email.queue.flush for library.test
2021-09-16 23:28:53,501 INFO scheduler Scheduled Job Complete: frappe.email.queue.flush for library.test
2021-09-16 23:29:44,147 DEBUG scheduler Queued events for site library.test
2021-09-16 23:30:45,093 INFO scheduler Scheduled Job Start: frappe.twofactor.delete_all_barcodes_for_users for estate.site
2021-09-16 23:30:45,788 DEBUG scheduler Queued events for site library.test
2021-09-16 23:30:47,211 INFO scheduler Scheduled Job Complete: frappe.twofactor.delete_all_barcodes_for_users for estate.site
2021-09-16 23:30:47,453 INFO scheduler Scheduled Job Start: frappe.website.doctype.web_page.web_page.check_publish_status for estate.site
2021-09-16 23:30:48,798 INFO scheduler Scheduled Job Complete: frappe.website.doctype.web_page.web_page.check_publish_status for estate.site
2021-09-16 23:30:48,986 INFO scheduler Scheduled Job Start: frappe.oauth.delete_oauth2_data for estate.site
2021-09-16 23:30:49,996 INFO scheduler Scheduled Job Complete: frappe.oauth.delete_oauth2_data for estate.site
2021-09-16 23:30:50,135 INFO scheduler Scheduled Job Start: frappe.twofactor.delete_all_barcodes_for_users for library.test
2021-09-16 23:30:50,766 INFO scheduler Scheduled Job Complete: frappe.twofactor.delete_all_barcodes_for_users for library.test
2021-09-16 23:30:50,905 INFO scheduler Scheduled Job Start: frappe.website.doctype.web_page.web_page.check_publish_status for library.test
2021-09-16 23:30:51,759 INFO scheduler Scheduled Job Complete: frappe.website.doctype.web_page.web_page.check_publish_status for library.test
2021-09-16 23:30:51,914 INFO scheduler Scheduled Job Start: frappe.oauth.delete_oauth2_data for library.test
2021-09-16 23:30:52,841 INFO scheduler Scheduled Job Complete: frappe.oauth.delete_oauth2_data for library.test
2021-09-16 23:31:46,616 DEBUG scheduler Queued events for site library.test
2021-09-16 23:32:47,270 INFO scheduler Scheduled Job Start: frappe.monitor.flush for estate.site
2021-09-16 23:32:47,599 DEBUG scheduler Queued events for site library.test
2021-09-16 23:32:48,132 INFO scheduler Scheduled Job Complete: frappe.monitor.flush for estate.site
2021-09-16 23:32:48,274 INFO scheduler Scheduled Job Start: frappe.utils.global_search.sync_global_search for estate.site
2021-09-16 23:32:48,671 INFO scheduler Scheduled Job Complete: frappe.utils.global_search.sync_global_search for estate.site
2021-09-16 23:32:48,852 INFO scheduler Scheduled Job Start: frappe.integrations.doctype.razorpay_settings.razorpay_settings.capture_payment for estate.site
2021-09-16 23:32:49,770 INFO scheduler Scheduled Job Complete: frappe.integrations.doctype.razorpay_settings.razorpay_settings.capture_payment for estate.site
2021-09-16 23:32:49,931 INFO scheduler Scheduled Job Start: frappe.email.doctype.email_account.email_account.notify_unreplied for estate.site
2021-09-16 23:32:50,605 INFO scheduler Scheduled Job Complete: frappe.email.doctype.email_account.email_account.notify_unreplied for estate.site
2021-09-16 23:32:50,788 INFO scheduler Scheduled Job Start: frappe.email.doctype.email_account.email_account.pull for estate.site
2021-09-16 23:32:51,325 INFO scheduler Scheduled Job Complete: frappe.email.doctype.email_account.email_account.pull for estate.site
2021-09-16 23:32:51,454 INFO scheduler Scheduled Job Start: frappe.email.queue.flush for estate.site
2021-09-16 23:32:51,951 INFO scheduler Scheduled Job Complete: frappe.email.queue.flush for estate.site
2021-09-16 23:32:52,078 INFO scheduler Scheduled Job Start: frappe.monitor.flush for library.test
2021-09-16 23:32:52,476 INFO scheduler Scheduled Job Complete: frappe.monitor.flush for library.test
2021-09-16 23:32:52,606 INFO scheduler Scheduled Job Start: frappe.utils.global_search.sync_global_search for library.test
2021-09-16 23:32:53,081 INFO scheduler Scheduled Job Complete: frappe.utils.global_search.sync_global_search for library.test
2021-09-16 23:32:53,209 INFO scheduler Scheduled Job Start: frappe.integrations.doctype.razorpay_settings.razorpay_settings.capture_payment for library.test
2021-09-16 23:32:53,943 INFO scheduler Scheduled Job Complete: frappe.integrations.doctype.razorpay_settings.razorpay_settings.capture_payment for library.test
2021-09-16 23:32:54,090 INFO scheduler Scheduled Job Start: frappe.email.doctype.email_account.email_account.notify_unreplied for library.test
2021-09-16 23:32:54,575 INFO scheduler Scheduled Job Complete: frappe.email.doctype.email_account.email_account.notify_unreplied for library.test
2021-09-16 23:32:54,707 INFO scheduler Scheduled Job Start: frappe.email.doctype.email_account.email_account.pull for library.test
2021-09-16 23:32:55,245 INFO scheduler Scheduled Job Complete: frappe.email.doctype.email_account.email_account.pull for library.test
2021-09-16 23:32:55,368 INFO scheduler Scheduled Job Start: frappe.email.queue.flush for library.test
2021-09-16 23:32:55,822 INFO scheduler Scheduled Job Complete: frappe.email.queue.flush for library.test
2021-09-16 23:33:48,191 DEBUG scheduler Queued events for site library.test
2021-09-16 23:34:49,005 DEBUG scheduler Queued events for site library.test
2021-09-16 23:35:49,637 DEBUG scheduler Queued events for site library.test
2021-09-16 23:36:50,293 INFO scheduler Scheduled Job Start: frappe.monitor.flush for estate.site
2021-09-16 23:36:50,576 DEBUG scheduler Queued events for site library.test
2021-09-16 23:36:51,212 INFO scheduler Scheduled Job Complete: frappe.monitor.flush for estate.site
2021-09-16 23:36:51,339 INFO scheduler Scheduled Job Start: frappe.utils.global_search.sync_global_search for estate.site
2021-09-16 23:36:51,722 INFO scheduler Scheduled Job Complete: frappe.utils.global_search.sync_global_search for estate.site
2021-09-16 23:36:51,847 INFO scheduler Scheduled Job Start: frappe.integrations.doctype.razorpay_settings.razorpay_settings.capture_payment for estate.site
2021-09-16 23:36:52,660 INFO scheduler Scheduled Job Complete: frappe.integrations.doctype.razorpay_settings.razorpay_settings.capture_payment for estate.site
2021-09-16 23:36:52,785 INFO scheduler Scheduled Job Start: frappe.email.doctype.email_account.email_account.notify_unreplied for estate.site
2021-09-16 23:36:53,385 INFO scheduler Scheduled Job Complete: frappe.email.doctype.email_account.email_account.notify_unreplied for estate.site
2021-09-16 23:36:53,508 INFO scheduler Scheduled Job Start: frappe.email.doctype.email_account.email_account.pull for estate.site
2021-09-16 23:36:54,023 INFO scheduler Scheduled Job Complete: frappe.email.doctype.email_account.email_account.pull for estate.site
2021-09-16 23:36:54,144 INFO scheduler Scheduled Job Start: frappe.email.queue.flush for estate.site
2021-09-16 23:36:54,622 INFO scheduler Scheduled Job Complete: frappe.email.queue.flush for estate.site
2021-09-16 23:36:54,745 INFO scheduler Scheduled Job Start: frappe.monitor.flush for library.test
2021-09-16 23:36:55,126 INFO scheduler Scheduled Job Complete: frappe.monitor.flush for library.test
2021-09-16 23:36:55,247 INFO scheduler Scheduled Job Start: frappe.utils.global_search.sync_global_search for library.test
2021-09-16 23:36:55,630 INFO scheduler Scheduled Job Complete: frappe.utils.global_search.sync_global_search for library.test
2021-09-16 23:36:55,751 INFO scheduler Scheduled Job Start: frappe.integrations.doctype.razorpay_settings.razorpay_settings.capture_payment for library.test
2021-09-16 23:36:56,354 INFO scheduler Scheduled Job Complete: frappe.integrations.doctype.razorpay_settings.razorpay_settings.capture_payment for library.test
2021-09-16 23:36:56,481 INFO scheduler Scheduled Job Start: frappe.email.doctype.email_account.email_account.notify_unreplied for library.test
2021-09-16 23:36:56,950 INFO scheduler Scheduled Job Complete: frappe.email.doctype.email_account.email_account.notify_unreplied for library.test
2021-09-16 23:36:57,073 INFO scheduler Scheduled Job Start: frappe.email.doctype.email_account.email_account.pull for library.test
2021-09-16 23:36:57,566 INFO scheduler Scheduled Job Complete: frappe.email.doctype.email_account.email_account.pull for library.test
2021-09-16 23:36:57,692 INFO scheduler Scheduled Job Start: frappe.email.queue.flush for library.test
2021-09-16 23:36:58,125 INFO scheduler Scheduled Job Complete: frappe.email.queue.flush for library.test
2021-09-16 23:37:51,128 DEBUG scheduler Queued events for site library.test
2021-09-16 23:38:52,277 DEBUG scheduler Queued events for site library.test
2021-09-16 23:39:53,129 DEBUG scheduler Queued events for site library.test
2021-09-16 23:40:54,536 INFO scheduler Scheduled Job Start: frappe.monitor.flush for estate.site
2021-09-16 23:40:55,536 DEBUG scheduler Queued events for site library.test
2021-09-16 23:40:56,031 INFO scheduler Scheduled Job Complete: frappe.monitor.flush for estate.site
2021-09-16 23:40:56,227 INFO scheduler Scheduled Job Start: frappe.utils.global_search.sync_global_search for estate.site
2021-09-16 23:40:56,756 INFO scheduler Scheduled Job Complete: frappe.utils.global_search.sync_global_search for estate.site
2021-09-16 23:40:56,914 INFO scheduler Scheduled Job Start: frappe.integrations.doctype.razorpay_settings.razorpay_settings.capture_payment for estate.site
2021-09-16 23:40:57,682 INFO scheduler Scheduled Job Complete: frappe.integrations.doctype.razorpay_settings.razorpay_settings.capture_payment for estate.site
2021-09-16 23:40:57,804 INFO scheduler Scheduled Job Start: frappe.email.doctype.email_account.email_account.notify_unreplied for estate.site
2021-09-16 23:40:58,505 INFO scheduler Scheduled Job Complete: frappe.email.doctype.email_account.email_account.notify_unreplied for estate.site
2021-09-16 23:40:58,628 INFO scheduler Scheduled Job Start: frappe.email.doctype.email_account.email_account.pull for estate.site
2021-09-16 23:40:59,172 INFO scheduler Scheduled Job Complete: frappe.email.doctype.email_account.email_account.pull for estate.site
2021-09-16 23:40:59,294 INFO scheduler Scheduled Job Start: frappe.email.queue.flush for estate.site
2021-09-16 23:40:59,763 INFO scheduler Scheduled Job Complete: frappe.email.queue.flush for estate.site
2021-09-16 23:40:59,888 INFO scheduler Scheduled Job Start: frappe.monitor.flush for library.test
2021-09-16 23:41:00,287 INFO scheduler Scheduled Job Complete: frappe.monitor.flush for library.test
2021-09-16 23:41:00,409 INFO scheduler Scheduled Job Start: frappe.utils.global_search.sync_global_search for library.test
2021-09-16 23:41:00,775 INFO scheduler Scheduled Job Complete: frappe.utils.global_search.sync_global_search for library.test
2021-09-16 23:41:00,892 INFO scheduler Scheduled Job Start: frappe.integrations.doctype.razorpay_settings.razorpay_settings.capture_payment for library.test
2021-09-16 23:41:01,504 INFO scheduler Scheduled Job Complete: frappe.integrations.doctype.razorpay_settings.razorpay_settings.capture_payment for library.test
2021-09-16 23:41:01,618 INFO scheduler Scheduled Job Start: frappe.email.doctype.email_account.email_account.notify_unreplied for library.test
2021-09-16 23:41:02,062 INFO scheduler Scheduled Job Complete: frappe.email.doctype.email_account.email_account.notify_unreplied for library.test
2021-09-16 23:41:02,179 INFO scheduler Scheduled Job Start: frappe.email.doctype.email_account.email_account.pull for library.test
2021-09-16 23:41:02,644 INFO scheduler Scheduled Job Complete: frappe.email.doctype.email_account.email_account.pull for library.test
2021-09-16 23:41:02,760 INFO scheduler Scheduled Job Start: frappe.email.queue.flush for library.test
2021-09-16 23:41:03,174 INFO scheduler Scheduled Job Complete: frappe.email.queue.flush for library.test
2021-09-16 23:41:56,078 DEBUG scheduler Queued events for site library.test
